# JRE version: OpenJDK Runtime Environment (8.0_462-b08) (build 1.8.0_462-b08)
# Java VM: OpenJDK 64-Bit Server VM (25.462-b08 mixed mode windows-amd64 compressed oops)
Heap:
 PSYoungGen      total 71680K, used 18492K [0x00000000d5d80000, 0x00000000dfd80000, 0x0000000100000000)
  eden space 66560K, 27% used [0x00000000d5d80000,0x00000000d6f8f238,0x00000000d9e80000)
  from space 5120K, 0% used [0x00000000d9e80000,0x00000000d9e80000,0x00000000da380000)
  to   space 15360K, 0% used [0x00000000dee80000,0x00000000dee80000,0x00000000dfd80000)
 ParOldGen       total 81408K, used 21395K [0x0000000081800000, 0x0000000086780000, 0x00000000d5d80000)
  object space 81408K, 26% used [0x0000000081800000,0x0000000082ce4dc8,0x0000000086780000)
 Metaspace       used 21984K, capacity 22270K, committed 22656K, reserved 1069056K
  class space    used 2761K, capacity 2861K, committed 2944K, reserved 1048576K
GC Heap History (10 events):
Event: 3.670 GC heap before
{Heap before GC invocations=2 (full 0):
 PSYoungGen      total 38400K, used 38391K [0x00000000d5d80000, 0x00000000d8800000, 0x0000000100000000)
  eden space 33280K, 100% used [0x00000000d5d80000,0x00000000d7e00000,0x00000000d7e00000)
  from space 5120K, 99% used [0x00000000d7e00000,0x00000000d82fde30,0x00000000d8300000)
  to   space 5120K, 0% used [0x00000000d8300000,0x00000000d8300000,0x00000000d8800000)
 ParOldGen       total 87552K, used 895K [0x0000000081800000, 0x0000000086d80000, 0x00000000d5d80000)
  object space 87552K, 1% used [0x0000000081800000,0x00000000818dfea8,0x0000000086d80000)
 Metaspace       used 10034K, capacity 10204K, committed 10368K, reserved 1058816K
  class space    used 1195K, capacity 1288K, committed 1408K, reserved 1048576K
Event: 3.694 GC heap after
Heap after GC invocations=2 (full 0):
 PSYoungGen      total 38400K, used 5088K [0x00000000d5d80000, 0x00000000da880000, 0x0000000100000000)
  eden space 33280K, 0% used [0x00000000d5d80000,0x00000000d5d80000,0x00000000d7e00000)
  from space 5120K, 99% used [0x00000000d8300000,0x00000000d87f82a8,0x00000000d8800000)
  to   space 5120K, 0% used [0x00000000d7e00000,0x00000000d7e00000,0x00000000d8300000)
 ParOldGen       total 87552K, used 10002K [0x0000000081800000, 0x0000000086d80000, 0x00000000d5d80000)
  object space 87552K, 11% used [0x0000000081800000,0x00000000821c4b70,0x0000000086d80000)
 Metaspace       used 10034K, capacity 10204K, committed 10368K, reserved 1058816K
  class space    used 1195K, capacity 1288K, committed 1408K, reserved 1048576K
}
Event: 4.779 GC heap before
{Heap before GC invocations=3 (full 0):
 PSYoungGen      total 38400K, used 38368K [0x00000000d5d80000, 0x00000000da880000, 0x0000000100000000)
  eden space 33280K, 100% used [0x00000000d5d80000,0x00000000d7e00000,0x00000000d7e00000)
  from space 5120K, 99% used [0x00000000d8300000,0x00000000d87f82a8,0x00000000d8800000)
  to   space 5120K, 0% used [0x00000000d7e00000,0x00000000d7e00000,0x00000000d8300000)
 ParOldGen       total 87552K, used 10002K [0x0000000081800000, 0x0000000086d80000, 0x00000000d5d80000)
  object space 87552K, 11% used [0x0000000081800000,0x00000000821c4b70,0x0000000086d80000)
 Metaspace       used 13701K, capacity 13920K, committed 14080K, reserved 1060864K
  class space    used 1702K, capacity 1774K, committed 1792K, reserved 1048576K
Event: 4.803 GC heap after
Heap after GC invocations=3 (full 0):
 PSYoungGen      total 38400K, used 5104K [0x00000000d5d80000, 0x00000000da880000, 0x0000000100000000)
  eden space 33280K, 0% used [0x00000000d5d80000,0x00000000d5d80000,0x00000000d7e00000)
  from space 5120K, 99% used [0x00000000d7e00000,0x00000000d82fc020,0x00000000d8300000)
  to   space 5120K, 0% used [0x00000000da380000,0x00000000da380000,0x00000000da880000)
 ParOldGen       total 87552K, used 16676K [0x0000000081800000, 0x0000000086d80000, 0x00000000d5d80000)
  object space 87552K, 19% used [0x0000000081800000,0x0000000082849008,0x0000000086d80000)
 Metaspace       used 13701K, capacity 13920K, committed 14080K, reserved 1060864K
  class space    used 1702K, capacity 1774K, committed 1792K, reserved 1048576K
}
Event: 6.075 GC heap before
{Heap before GC invocations=4 (full 0):
 PSYoungGen      total 38400K, used 38384K [0x00000000d5d80000, 0x00000000da880000, 0x0000000100000000)
  eden space 33280K, 100% used [0x00000000d5d80000,0x00000000d7e00000,0x00000000d7e00000)
  from space 5120K, 99% used [0x00000000d7e00000,0x00000000d82fc020,0x00000000d8300000)
  to   space 5120K, 0% used [0x00000000da380000,0x00000000da380000,0x00000000da880000)
 ParOldGen       total 87552K, used 16676K [0x0000000081800000, 0x0000000086d80000, 0x00000000d5d80000)
  object space 87552K, 19% used [0x0000000081800000,0x0000000082849008,0x0000000086d80000)
 Metaspace       used 18422K, capacity 18660K, committed 18944K, reserved 1064960K
  class space    used 2360K, capacity 2452K, committed 2560K, reserved 1048576K
Event: 6.097 GC heap after
Heap after GC invocations=4 (full 0):
 PSYoungGen      total 71680K, used 5104K [0x00000000d5d80000, 0x00000000da880000, 0x0000000100000000)
  eden space 66560K, 0% used [0x00000000d5d80000,0x00000000d5d80000,0x00000000d9e80000)
  from space 5120K, 99% used [0x00000000da380000,0x00000000da87c020,0x00000000da880000)
  to   space 5120K, 0% used [0x00000000d9e80000,0x00000000d9e80000,0x00000000da380000)
 ParOldGen       total 87552K, used 23592K [0x0000000081800000, 0x0000000086d80000, 0x00000000d5d80000)
  object space 87552K, 26% used [0x0000000081800000,0x0000000082f0a370,0x0000000086d80000)
 Metaspace       used 18422K, capacity 18660K, committed 18944K, reserved 1064960K
  class space    used 2360K, capacity 2452K, committed 2560K, reserved 1048576K
}
Event: 7.683 GC heap before
{Heap before GC invocations=5 (full 0):
 PSYoungGen      total 71680K, used 36660K [0x00000000d5d80000, 0x00000000da880000, 0x0000000100000000)
  eden space 66560K, 47% used [0x00000000d5d80000,0x00000000d7c512a0,0x00000000d9e80000)
  from space 5120K, 99% used [0x00000000da380000,0x00000000da87c020,0x00000000da880000)
  to   space 5120K, 0% used [0x00000000d9e80000,0x00000000d9e80000,0x00000000da380000)
 ParOldGen       total 87552K, used 23592K [0x0000000081800000, 0x0000000086d80000, 0x00000000d5d80000)
  object space 87552K, 26% used [0x0000000081800000,0x0000000082f0a370,0x0000000086d80000)
 Metaspace       used 20823K, capacity 21106K, committed 21248K, reserved 1067008K
  class space    used 2640K, capacity 2731K, committed 2816K, reserved 1048576K
Event: 7.705 GC heap after
Heap after GC invocations=5 (full 0):
 PSYoungGen      total 71680K, used 5104K [0x00000000d5d80000, 0x00000000dfd80000, 0x0000000100000000)
  eden space 66560K, 0% used [0x00000000d5d80000,0x00000000d5d80000,0x00000000d9e80000)
  from space 5120K, 99% used [0x00000000d9e80000,0x00000000da37c020,0x00000000da380000)
  to   space 15360K, 0% used [0x00000000dee80000,0x00000000dee80000,0x00000000dfd80000)
 ParOldGen       total 87552K, used 27817K [0x0000000081800000, 0x0000000086d80000, 0x00000000d5d80000)
  object space 87552K, 31% used [0x0000000081800000,0x000000008332a518,0x0000000086d80000)
 Metaspace       used 20823K, capacity 21106K, committed 21248K, reserved 1067008K
  class space    used 2640K, capacity 2731K, committed 2816K, reserved 1048576K
}
Event: 7.705 GC heap before
{Heap before GC invocations=6 (full 1):
 PSYoungGen      total 71680K, used 5104K [0x00000000d5d80000, 0x00000000dfd80000, 0x0000000100000000)
  eden space 66560K, 0% used [0x00000000d5d80000,0x00000000d5d80000,0x00000000d9e80000)
  from space 5120K, 99% used [0x00000000d9e80000,0x00000000da37c020,0x00000000da380000)
  to   space 15360K, 0% used [0x00000000dee80000,0x00000000dee80000,0x00000000dfd80000)
 ParOldGen       total 87552K, used 27817K [0x0000000081800000, 0x0000000086d80000, 0x00000000d5d80000)
  object space 87552K, 31% used [0x0000000081800000,0x000000008332a518,0x0000000086d80000)
 Metaspace       used 20823K, capacity 21106K, committed 21248K, reserved 1067008K
  class space    used 2640K, capacity 2731K, committed 2816K, reserved 1048576K
Event: 7.822 GC heap after
Heap after GC invocations=6 (full 1):
 PSYoungGen      total 71680K, used 0K [0x00000000d5d80000, 0x00000000dfd80000, 0x0000000100000000)
  eden space 66560K, 0% used [0x00000000d5d80000,0x00000000d5d80000,0x00000000d9e80000)
  from space 5120K, 0% used [0x00000000d9e80000,0x00000000d9e80000,0x00000000da380000)
  to   space 15360K, 0% used [0x00000000dee80000,0x00000000dee80000,0x00000000dfd80000)
 ParOldGen       total 81408K, used 21395K [0x0000000081800000, 0x0000000086780000, 0x00000000d5d80000)
  object space 81408K, 26% used [0x0000000081800000,0x0000000082ce4dc8,0x0000000086780000)
 Metaspace       used 20823K, capacity 21106K, committed 21248K, reserved 1067008K
  class space    used 2640K, capacity 2731K, committed 2816K, reserved 1048576K
}

